#
# There is insufficient memory for the Java Runtime Environment to continue.
# Native memory allocation (malloc) failed to allocate 32744 bytes for ChunkPool::allocate
# Possible reasons:
#   The system is out of physical RAM or swap space
#   The process is running with CompressedOops enabled, and the Java Heap may be blocking the growth of the native heap
# Possible solutions:
#   Reduce memory load on the system
#   Increase physical memory or swap space
#   Check if swap backing store is full
#   Decrease Java heap size (-Xmx/-Xms)
#   Decrease number of Java threads
#   Decrease Java thread stack sizes (-Xss)
#   Set larger code cache with -XX:ReservedCodeCacheSize=
#   JVM is running with Unscaled Compressed Oops mode in which the Java heap is
#     placed in the first 4GB address space. The Java Heap base address is the
#     maximum limit for the native heap growth. Please use -XX:HeapBaseMinAddress
#     to set the Java Heap base and to place the Java Heap above 4GB virtual address.
# This output file may be truncated or incomplete.
#
#  Out of Memory Error (./open/src/hotspot/share/memory/arena.cpp:81), pid=28552, tid=24196
#
# JRE version: Java(TM) SE Runtime Environment 18.9 (11.0.11+9) (build 11.0.11+9-LTS-194)
# Java VM: Java HotSpot(TM) 64-Bit Server VM 18.9 (11.0.11+9-LTS-194, mixed mode, tiered, compressed oops, g1 gc, windows-amd64)
# No core dump will be written. Minidumps are not enabled by default on client versions of Windows
#

---------------  S U M M A R Y ------------

Command Line: -ea -Dbrowser=chrome -Didea.test.cyclic.buffer.size=1048576 -javaagent:C:\Program Files\JetBrains\IntelliJ IDEA Community Edition 2021.3.2\lib\idea_rt.jar=54653:C:\Program Files\JetBrains\IntelliJ IDEA Community Edition 2021.3.2\bin -Dfile.encoding=UTF-8 com.intellij.rt.junit.JUnitStarter -ideVersion5 -junit5 HerokuTests,authenticationTest

Host: Intel(R) Core(TM) i5-3230M CPU @ 2.60GHz, 4 cores, 5G,  Windows 10 , 64 bit Build 19041 (10.0.19041.1348)
Time: Tue Mar 22 00:47:08 2022 Новосибирское стандартное время elapsed time: 9.079615 seconds (0d 0h 0m 9s)

---------------  T H R E A D  ---------------

Current thread (0x000001687730d000):  JavaThread "C2 CompilerThread0" daemon [_thread_in_native, id=24196, stack(0x0000004110200000,0x0000004110300000)]


Current CompileTask:
C2:   9079 2121       4       java.lang.invoke.MethodType::makeImpl (108 bytes)

Stack: [0x0000004110200000,0x0000004110300000]
Native frames: (J=compiled Java code, j=interpreted, Vv=VM code, C=native code)
V  [jvm.dll+0x616f2a]
V  [jvm.dll+0x74de7f]
V  [jvm.dll+0x74f505]
V  [jvm.dll+0x74fb83]
V  [jvm.dll+0x2436d8]
V  [jvm.dll+0xbaa2b]
V  [jvm.dll+0xbad8c]
V  [jvm.dll+0x343a39]
V  [jvm.dll+0x2cd967]
V  [jvm.dll+0x2ce555]
V  [jvm.dll+0x5dfcb1]
V  [jvm.dll+0x10104c]
V  [jvm.dll+0x32452d]
V  [jvm.dll+0x6371c9]
V  [jvm.dll+0x63652d]
V  [jvm.dll+0x631718]
V  [jvm.dll+0x62b46f]
V  [jvm.dll+0x62aaab]
V  [jvm.dll+0x62895e]
V  [jvm.dll+0x18197c]
V  [jvm.dll+0x2b2ef6]
V  [jvm.dll+0x6335d0]
V  [jvm.dll+0x62b46f]
V  [jvm.dll+0x62aaab]
V  [jvm.dll+0x62895e]
V  [jvm.dll+0x18197c]
V  [jvm.dll+0x2b2ef6]
V  [jvm.dll+0x6335d0]
V  [jvm.dll+0x62b46f]
V  [jvm.dll+0x62aaab]
V  [jvm.dll+0x62895e]
V  [jvm.dll+0x18197c]
V  [jvm.dll+0x2b2ef6]
V  [jvm.dll+0x6335d0]
V  [jvm.dll+0x62b46f]
V  [jvm.dll+0x62aaab]
V  [jvm.dll+0x62895e]
V  [jvm.dll+0x18197c]
V  [jvm.dll+0x2b2ef6]
V  [jvm.dll+0x6335d0]
V  [jvm.dll+0x62b46f]
V  [jvm.dll+0x62aaab]
V  [jvm.dll+0x62895e]
V  [jvm.dll+0x18197c]
V  [jvm.dll+0x2b2ef6]
V  [jvm.dll+0x6335d0]
V  [jvm.dll+0x62b46f]
V  [jvm.dll+0x62aaab]
V  [jvm.dll+0x62895e]
V  [jvm.dll+0x18197c]
V  [jvm.dll+0x2b2ef6]
V  [jvm.dll+0x6335d0]
V  [jvm.dll+0x62b46f]
V  [jvm.dll+0x62aaab]
V  [jvm.dll+0x62895e]
V  [jvm.dll+0x18197c]
V  [jvm.dll+0x2b2ef6]
V  [jvm.dll+0x6335d0]
V  [jvm.dll+0x62b46f]
V  [jvm.dll+0x62aaab]
V  [jvm.dll+0x62895e]
V  [jvm.dll+0x18197c]
V  [jvm.dll+0x1fbec1]
V  [jvm.dll+0x17f0bc]
V  [jvm.dll+0x20b68c]
V  [jvm.dll+0x20978b]
V  [jvm.dll+0x7152c9]
V  [jvm.dll+0x70dfc4]
V  [jvm.dll+0x6160f6]
C  [ucrtbase.dll+0x21bb2]
C  [KERNEL32.DLL+0x17034]
C  [ntdll.dll+0x52651]


---------------  P R O C E S S  ---------------

Threads class SMR info:
_java_thread_list=0x00000168796c6690, length=17, elements={
0x0000016869120000, 0x0000016877285000, 0x00000168772b0800, 0x000001687730a000,
0x000001687730c000, 0x000001687730d000, 0x0000016877c88800, 0x0000016877c8b800,
0x0000016877244800, 0x0000016877f23800, 0x0000016877f24000, 0x0000016878531000,
0x0000016878e5a800, 0x00000168790dc800, 0x00000168790dd800, 0x0000016878cdd800,
0x0000016878f40000
}

Java Threads: ( => current thread )
  0x0000016869120000 JavaThread "Forwarding findElement on session afd2cc0917aaceb059785fed91241bc4 to remote" [_thread_in_native, id=26036, stack(0x000000410f600000,0x000000410f700000)]
  0x0000016877285000 JavaThread "Reference Handler" daemon [_thread_blocked, id=26408, stack(0x000000410fe00000,0x000000410ff00000)]
  0x00000168772b0800 JavaThread "Finalizer" daemon [_thread_blocked, id=26452, stack(0x000000410ff00000,0x0000004110000000)]
  0x000001687730a000 JavaThread "Signal Dispatcher" daemon [_thread_blocked, id=28572, stack(0x0000004110000000,0x0000004110100000)]
  0x000001687730c000 JavaThread "Attach Listener" daemon [_thread_blocked, id=28396, stack(0x0000004110100000,0x0000004110200000)]
=>0x000001687730d000 JavaThread "C2 CompilerThread0" daemon [_thread_in_native, id=24196, stack(0x0000004110200000,0x0000004110300000)]
  0x0000016877c88800 JavaThread "C1 CompilerThread0" daemon [_thread_blocked, id=27620, stack(0x0000004110300000,0x0000004110400000)]
  0x0000016877c8b800 JavaThread "Sweeper thread" daemon [_thread_blocked, id=27348, stack(0x0000004110400000,0x0000004110500000)]
  0x0000016877244800 JavaThread "Common-Cleaner" daemon [_thread_blocked, id=27208, stack(0x0000004110500000,0x0000004110600000)]
  0x0000016877f23800 JavaThread "Monitor Ctrl-Break" daemon [_thread_in_native, id=27688, stack(0x0000004110700000,0x0000004110800000)]
  0x0000016877f24000 JavaThread "Service Thread" daemon [_thread_blocked, id=25912, stack(0x0000004110800000,0x0000004110900000)]
  0x0000016878531000 JavaThread "Exec Default Executor" daemon [_thread_in_native, id=24848, stack(0x0000004110a00000,0x0000004110b00000)]
  0x0000016878e5a800 JavaThread "UrlChecker-2" daemon [_thread_blocked, id=27912, stack(0x0000004110b00000,0x0000004110c00000)]
  0x00000168790dc800 JavaThread "Exec Stream Pumper" daemon [_thread_in_native, id=27452, stack(0x0000004110d00000,0x0000004110e00000)]
  0x00000168790dd800 JavaThread "Exec Stream Pumper" daemon [_thread_in_native, id=27340, stack(0x0000004110e00000,0x0000004110f00000)]
  0x0000016878cdd800 JavaThread "OkHttp ConnectionPool" daemon [_thread_blocked, id=4372, stack(0x0000004111000000,0x0000004111100000)]
  0x0000016878f40000 JavaThread "Okio Watchdog" daemon [_thread_blocked, id=27540, stack(0x0000004111100000,0x0000004111200000)]

Other Threads:
  0x00000168772ba800 VMThread "VM Thread" [stack: 0x000000410fd00000,0x000000410fe00000] [id=27624]
  0x0000016877f2e000 WatcherThread [stack: 0x0000004110900000,0x0000004110a00000] [id=24716]
  0x0000016869136000 GCTaskThread "GC Thread#0" [stack: 0x000000410f800000,0x000000410f900000] [id=27080]
  0x0000016878400000 GCTaskThread "GC Thread#1" [stack: 0x0000004110600000,0x0000004110700000] [id=10212]
  0x000001686915e000 ConcurrentGCThread "G1 Main Marker" [stack: 0x000000410f900000,0x000000410fa00000] [id=26076]
  0x0000016869160000 ConcurrentGCThread "G1 Conc#0" [stack: 0x000000410fa00000,0x000000410fb00000] [id=28096]
  0x00000168691cf000 ConcurrentGCThread "G1 Refine#0" [stack: 0x000000410fb00000,0x000000410fc00000] [id=28208]
  0x00000168691d0000 ConcurrentGCThread "G1 Young RemSet Sampling" [stack: 0x000000410fc00000,0x000000410fd00000] [id=27356]

Threads with active compile tasks:
C2 CompilerThread0   9158 2121       4       java.lang.invoke.MethodType::makeImpl (108 bytes)

VM state:not at safepoint (normal execution)

VM Mutex/Monitor currently owned by a thread: None

Heap address: 0x00000000a1e00000, size: 1506 MB, Compressed Oops mode: 32-bit
Narrow klass base: 0x0000000000000000, Narrow klass shift: 3
Compressed class space size: 1073741824 Address: 0x0000000100000000

Heap:
 garbage-first heap   total 98304K, used 17761K [0x00000000a1e00000, 0x0000000100000000)
  region size 1024K, 12 young (12288K), 2 survivors (2048K)
 Metaspace       used 23310K, capacity 24121K, committed 24316K, reserved 1071104K
  class space    used 2611K, capacity 2931K, committed 3068K, reserved 1048576K
Heap Regions: E=young(eden), S=young(survivor), O=old, HS=humongous(starts), HC=humongous(continues), CS=collection set, F=free, A=archive, TAMS=top-at-mark-start (previous, next)
|   0|0x00000000a1e00000, 0x00000000a1f00000, 0x00000000a1f00000|100%| O|  |TAMS 0x00000000a1f00000, 0x00000000a1e00000| Untracked 
|   1|0x00000000a1f00000, 0x00000000a2000000, 0x00000000a2000000|100%| O|  |TAMS 0x00000000a2000000, 0x00000000a1f00000| Untracked 
|   2|0x00000000a2000000, 0x00000000a2100000, 0x00000000a2100000|100%| O|  |TAMS 0x00000000a2100000, 0x00000000a2000000| Untracked 
|   3|0x00000000a2100000, 0x00000000a2200000, 0x00000000a2200000|100%| O|  |TAMS 0x00000000a2200000, 0x00000000a2100000| Untracked 
|   4|0x00000000a2200000, 0x00000000a2300000, 0x00000000a2300000|100%| O|  |TAMS 0x00000000a2300000, 0x00000000a2200000| Untracked 
|   5|0x00000000a2300000, 0x00000000a2400000, 0x00000000a2400000|100%| O|  |TAMS 0x00000000a2400000, 0x00000000a2300000| Untracked 
|   6|0x00000000a2400000, 0x00000000a24d5200, 0x00000000a2500000| 83%| O|  |TAMS 0x00000000a24d5200, 0x00000000a2400000| Untracked 
|   7|0x00000000a2500000, 0x00000000a2500000, 0x00000000a2600000|  0%| F|  |TAMS 0x00000000a2500000, 0x00000000a2500000| Untracked 
|   8|0x00000000a2600000, 0x00000000a2600000, 0x00000000a2700000|  0%| F|  |TAMS 0x00000000a2600000, 0x00000000a2600000| Untracked 
|   9|0x00000000a2700000, 0x00000000a2700000, 0x00000000a2800000|  0%| F|  |TAMS 0x00000000a2700000, 0x00000000a2700000| Untracked 
|  10|0x00000000a2800000, 0x00000000a2800000, 0x00000000a2900000|  0%| F|  |TAMS 0x00000000a2800000, 0x00000000a2800000| Untracked 
|  11|0x00000000a2900000, 0x00000000a2900000, 0x00000000a2a00000|  0%| F|  |TAMS 0x00000000a2900000, 0x00000000a2900000| Untracked 
|  12|0x00000000a2a00000, 0x00000000a2a00000, 0x00000000a2b00000|  0%| F|  |TAMS 0x00000000a2a00000, 0x00000000a2a00000| Untracked 
|  13|0x00000000a2b00000, 0x00000000a2b00000, 0x00000000a2c00000|  0%| F|  |TAMS 0x00000000a2b00000, 0x00000000a2b00000| Untracked 
|  14|0x00000000a2c00000, 0x00000000a2c00000, 0x00000000a2d00000|  0%| F|  |TAMS 0x00000000a2c00000, 0x00000000a2c00000| Untracked 
|  15|0x00000000a2d00000, 0x00000000a2d00000, 0x00000000a2e00000|  0%| F|  |TAMS 0x00000000a2d00000, 0x00000000a2d00000| Untracked 
|  16|0x00000000a2e00000, 0x00000000a2e00000, 0x00000000a2f00000|  0%| F|  |TAMS 0x00000000a2e00000, 0x00000000a2e00000| Untracked 
|  17|0x00000000a2f00000, 0x00000000a2f00000, 0x00000000a3000000|  0%| F|  |TAMS 0x00000000a2f00000, 0x00000000a2f00000| Untracked 
|  18|0x00000000a3000000, 0x00000000a3000000, 0x00000000a3100000|  0%| F|  |TAMS 0x00000000a3000000, 0x00000000a3000000| Untracked 
|  19|0x00000000a3100000, 0x00000000a3100000, 0x00000000a3200000|  0%| F|  |TAMS 0x00000000a3100000, 0x00000000a3100000| Untracked 
|  20|0x00000000a3200000, 0x00000000a3200000, 0x00000000a3300000|  0%| F|  |TAMS 0x00000000a3200000, 0x00000000a3200000| Untracked 
|  21|0x00000000a3300000, 0x00000000a3300000, 0x00000000a3400000|  0%| F|  |TAMS 0x00000000a3300000, 0x00000000a3300000| Untracked 
|  22|0x00000000a3400000, 0x00000000a3400000, 0x00000000a3500000|  0%| F|  |TAMS 0x00000000a3400000, 0x00000000a3400000| Untracked 
|  23|0x00000000a3500000, 0x00000000a3500000, 0x00000000a3600000|  0%| F|  |TAMS 0x00000000a3500000, 0x00000000a3500000| Untracked 
|  24|0x00000000a3600000, 0x00000000a3600000, 0x00000000a3700000|  0%| F|  |TAMS 0x00000000a3600000, 0x00000000a3600000| Untracked 
|  25|0x00000000a3700000, 0x00000000a3700000, 0x00000000a3800000|  0%| F|  |TAMS 0x00000000a3700000, 0x00000000a3700000| Untracked 
|  26|0x00000000a3800000, 0x00000000a3800000, 0x00000000a3900000|  0%| F|  |TAMS 0x00000000a3800000, 0x00000000a3800000| Untracked 
|  27|0x00000000a3900000, 0x00000000a3900000, 0x00000000a3a00000|  0%| F|  |TAMS 0x00000000a3900000, 0x00000000a3900000| Untracked 
|  28|0x00000000a3a00000, 0x00000000a3a00000, 0x00000000a3b00000|  0%| F|  |TAMS 0x00000000a3a00000, 0x00000000a3a00000| Untracked 
|  29|0x00000000a3b00000, 0x00000000a3b00000, 0x00000000a3c00000|  0%| F|  |TAMS 0x00000000a3b00000, 0x00000000a3b00000| Untracked 
|  30|0x00000000a3c00000, 0x00000000a3c00000, 0x00000000a3d00000|  0%| F|  |TAMS 0x00000000a3c00000, 0x00000000a3c00000| Untracked 
|  31|0x00000000a3d00000, 0x00000000a3d00000, 0x00000000a3e00000|  0%| F|  |TAMS 0x00000000a3d00000, 0x00000000a3d00000| Untracked 
|  32|0x00000000a3e00000, 0x00000000a3e00000, 0x00000000a3f00000|  0%| F|  |TAMS 0x00000000a3e00000, 0x00000000a3e00000| Untracked 
|  33|0x00000000a3f00000, 0x00000000a3f00000, 0x00000000a4000000|  0%| F|  |TAMS 0x00000000a3f00000, 0x00000000a3f00000| Untracked 
|  34|0x00000000a4000000, 0x00000000a4000000, 0x00000000a4100000|  0%| F|  |TAMS 0x00000000a4000000, 0x00000000a4000000| Untracked 
|  35|0x00000000a4100000, 0x00000000a4100000, 0x00000000a4200000|  0%| F|  |TAMS 0x00000000a4100000, 0x00000000a4100000| Untracked 
|  36|0x00000000a4200000, 0x00000000a4200000, 0x00000000a4300000|  0%| F|  |TAMS 0x00000000a4200000, 0x00000000a4200000| Untracked 
|  37|0x00000000a4300000, 0x00000000a4300000, 0x00000000a4400000|  0%| F|  |TAMS 0x00000000a4300000, 0x00000000a4300000| Untracked 
|  38|0x00000000a4400000, 0x00000000a4400000, 0x00000000a4500000|  0%| F|  |TAMS 0x00000000a4400000, 0x00000000a4400000| Untracked 
|  39|0x00000000a4500000, 0x00000000a4500000, 0x00000000a4600000|  0%| F|  |TAMS 0x00000000a4500000, 0x00000000a4500000| Untracked 
|  40|0x00000000a4600000, 0x00000000a4600000, 0x00000000a4700000|  0%| F|  |TAMS 0x00000000a4600000, 0x00000000a4600000| Untracked 
|  41|0x00000000a4700000, 0x00000000a4700000, 0x00000000a4800000|  0%| F|  |TAMS 0x00000000a4700000, 0x00000000a4700000| Untracked 
|  42|0x00000000a4800000, 0x00000000a4800000, 0x00000000a4900000|  0%| F|  |TAMS 0x00000000a4800000, 0x00000000a4800000| Untracked 
|  43|0x00000000a4900000, 0x00000000a4900000, 0x00000000a4a00000|  0%| F|  |TAMS 0x00000000a4900000, 0x00000000a4900000| Untracked 
|  44|0x00000000a4a00000, 0x00000000a4a00000, 0x00000000a4b00000|  0%| F|  |TAMS 0x00000000a4a00000, 0x00000000a4a00000| Untracked 
|  45|0x00000000a4b00000, 0x00000000a4b00000, 0x00000000a4c00000|  0%| F|  |TAMS 0x00000000a4b00000, 0x00000000a4b00000| Untracked 
|  46|0x00000000a4c00000, 0x00000000a4c00000, 0x00000000a4d00000|  0%| F|  |TAMS 0x00000000a4c00000, 0x00000000a4c00000| Untracked 
|  47|0x00000000a4d00000, 0x00000000a4d00000, 0x00000000a4e00000|  0%| F|  |TAMS 0x00000000a4d00000, 0x00000000a4d00000| Untracked 
|  48|0x00000000a4e00000, 0x00000000a4e00000, 0x00000000a4f00000|  0%| F|  |TAMS 0x00000000a4e00000, 0x00000000a4e00000| Untracked 
|  49|0x00000000a4f00000, 0x00000000a4f00000, 0x00000000a5000000|  0%| F|  |TAMS 0x00000000a4f00000, 0x00000000a4f00000| Untracked 
|  50|0x00000000a5000000, 0x00000000a5000000, 0x00000000a5100000|  0%| F|  |TAMS 0x00000000a5000000, 0x00000000a5000000| Untracked 
|  51|0x00000000a5100000, 0x00000000a5100000, 0x00000000a5200000|  0%| F|  |TAMS 0x00000000a5100000, 0x00000000a5100000| Untracked 
|  52|0x00000000a5200000, 0x00000000a5200000, 0x00000000a5300000|  0%| F|  |TAMS 0x00000000a5200000, 0x00000000a5200000| Untracked 
|  53|0x00000000a5300000, 0x00000000a5300000, 0x00000000a5400000|  0%| F|  |TAMS 0x00000000a5300000, 0x00000000a5300000| Untracked 
|  54|0x00000000a5400000, 0x00000000a5400000, 0x00000000a5500000|  0%| F|  |TAMS 0x00000000a5400000, 0x00000000a5400000| Untracked 
|  55|0x00000000a5500000, 0x00000000a5500000, 0x00000000a5600000|  0%| F|  |TAMS 0x00000000a5500000, 0x00000000a5500000| Untracked 
|  56|0x00000000a5600000, 0x00000000a5600000, 0x00000000a5700000|  0%| F|  |TAMS 0x00000000a5600000, 0x00000000a5600000| Untracked 
|  57|0x00000000a5700000, 0x00000000a5700000, 0x00000000a5800000|  0%| F|  |TAMS 0x00000000a5700000, 0x00000000a5700000| Untracked 
|  58|0x00000000a5800000, 0x00000000a5800000, 0x00000000a5900000|  0%| F|  |TAMS 0x00000000a5800000, 0x00000000a5800000| Untracked 
|  59|0x00000000a5900000, 0x00000000a5900000, 0x00000000a5a00000|  0%| F|  |TAMS 0x00000000a5900000, 0x00000000a5900000| Untracked 
|  60|0x00000000a5a00000, 0x00000000a5a00000, 0x00000000a5b00000|  0%| F|  |TAMS 0x00000000a5a00000, 0x00000000a5a00000| Untracked 
|  61|0x00000000a5b00000, 0x00000000a5b00000, 0x00000000a5c00000|  0%| F|  |TAMS 0x00000000a5b00000, 0x00000000a5b00000| Untracked 
|  62|0x00000000a5c00000, 0x00000000a5c00000, 0x00000000a5d00000|  0%| F|  |TAMS 0x00000000a5c00000, 0x00000000a5c00000| Untracked 
|  63|0x00000000a5d00000, 0x00000000a5d00000, 0x00000000a5e00000|  0%| F|  |TAMS 0x00000000a5d00000, 0x00000000a5d00000| Untracked 
|  64|0x00000000a5e00000, 0x00000000a5e00000, 0x00000000a5f00000|  0%| F|  |TAMS 0x00000000a5e00000, 0x00000000a5e00000| Untracked 
|  65|0x00000000a5f00000, 0x00000000a5f00000, 0x00000000a6000000|  0%| F|  |TAMS 0x00000000a5f00000, 0x00000000a5f00000| Untracked 
|  66|0x00000000a6000000, 0x00000000a6000000, 0x00000000a6100000|  0%| F|  |TAMS 0x00000000a6000000, 0x00000000a6000000| Untracked 
|  67|0x00000000a6100000, 0x00000000a6100000, 0x00000000a6200000|  0%| F|  |TAMS 0x00000000a6100000, 0x00000000a6100000| Untracked 
|  68|0x00000000a6200000, 0x00000000a6200000, 0x00000000a6300000|  0%| F|  |TAMS 0x00000000a6200000, 0x00000000a6200000| Untracked 
|  69|0x00000000a6300000, 0x00000000a6300000, 0x00000000a6400000|  0%| F|  |TAMS 0x00000000a6300000, 0x00000000a6300000| Untracked 
|  70|0x00000000a6400000, 0x00000000a6400000, 0x00000000a6500000|  0%| F|  |TAMS 0x00000000a6400000, 0x00000000a6400000| Untracked 
|  71|0x00000000a6500000, 0x00000000a6500000, 0x00000000a6600000|  0%| F|  |TAMS 0x00000000a6500000, 0x00000000a6500000| Untracked 
|  72|0x00000000a6600000, 0x00000000a6600000, 0x00000000a6700000|  0%| F|  |TAMS 0x00000000a6600000, 0x00000000a6600000| Untracked 
|  73|0x00000000a6700000, 0x00000000a6700000, 0x00000000a6800000|  0%| F|  |TAMS 0x00000000a6700000, 0x00000000a6700000| Untracked 
|  74|0x00000000a6800000, 0x00000000a6800000, 0x00000000a6900000|  0%| F|  |TAMS 0x00000000a6800000, 0x00000000a6800000| Untracked 
|  75|0x00000000a6900000, 0x00000000a6900000, 0x00000000a6a00000|  0%| F|  |TAMS 0x00000000a6900000, 0x00000000a6900000| Untracked 
|  76|0x00000000a6a00000, 0x00000000a6a83520, 0x00000000a6b00000| 51%| S|CS|TAMS 0x00000000a6a00000, 0x00000000a6a00000| Complete 
|  77|0x00000000a6b00000, 0x00000000a6c00000, 0x00000000a6c00000|100%| S|CS|TAMS 0x00000000a6b00000, 0x00000000a6b00000| Complete 
|  78|0x00000000a6c00000, 0x00000000a6c00000, 0x00000000a6d00000|  0%| F|  |TAMS 0x00000000a6c00000, 0x00000000a6c00000| Untracked 
|  79|0x00000000a6d00000, 0x00000000a6d00000, 0x00000000a6e00000|  0%| F|  |TAMS 0x00000000a6d00000, 0x00000000a6d00000| Untracked 
|  80|0x00000000a6e00000, 0x00000000a6e00000, 0x00000000a6f00000|  0%| F|  |TAMS 0x00000000a6e00000, 0x00000000a6e00000| Untracked 
|  81|0x00000000a6f00000, 0x00000000a6f00000, 0x00000000a7000000|  0%| F|  |TAMS 0x00000000a6f00000, 0x00000000a6f00000| Untracked 
|  82|0x00000000a7000000, 0x00000000a7000000, 0x00000000a7100000|  0%| F|  |TAMS 0x00000000a7000000, 0x00000000a7000000| Untracked 
|  83|0x00000000a7100000, 0x00000000a7100000, 0x00000000a7200000|  0%| F|  |TAMS 0x00000000a7100000, 0x00000000a7100000| Untracked 
|  84|0x00000000a7200000, 0x00000000a7200000, 0x00000000a7300000|  0%| F|  |TAMS 0x00000000a7200000, 0x00000000a7200000| Untracked 
|  85|0x00000000a7300000, 0x00000000a7300000, 0x00000000a7400000|  0%| F|  |TAMS 0x00000000a7300000, 0x00000000a7300000| Untracked 
|  86|0x00000000a7400000, 0x00000000a7433b48, 0x00000000a7500000| 20%| E|  |TAMS 0x00000000a7400000, 0x00000000a7400000| Complete 
|  87|0x00000000a7500000, 0x00000000a7600000, 0x00000000a7600000|100%| E|CS|TAMS 0x00000000a7500000, 0x00000000a7500000| Complete 
|  88|0x00000000a7600000, 0x00000000a7700000, 0x00000000a7700000|100%| E|CS|TAMS 0x00000000a7600000, 0x00000000a7600000| Complete 
|  89|0x00000000a7700000, 0x00000000a7800000, 0x00000000a7800000|100%| E|CS|TAMS 0x00000000a7700000, 0x00000000a7700000| Complete 
|  90|0x00000000a7800000, 0x00000000a7900000, 0x00000000a7900000|100%| E|CS|TAMS 0x00000000a7800000, 0x00000000a7800000| Complete 
|  91|0x00000000a7900000, 0x00000000a7a00000, 0x00000000a7a00000|100%| E|CS|TAMS 0x00000000a7900000, 0x00000000a7900000| Complete 
|  92|0x00000000a7a00000, 0x00000000a7b00000, 0x00000000a7b00000|100%| E|CS|TAMS 0x00000000a7a00000, 0x00000000a7a00000| Complete 
|  93|0x00000000a7b00000, 0x00000000a7c00000, 0x00000000a7c00000|100%| E|CS|TAMS 0x00000000a7b00000, 0x00000000a7b00000| Complete 
|  94|0x00000000a7c00000, 0x00000000a7d00000, 0x00000000a7d00000|100%| E|CS|TAMS 0x00000000a7c00000, 0x00000000a7c00000| Complete 
|  95|0x00000000a7d00000, 0x00000000a7e00000, 0x00000000a7e00000|100%| E|CS|TAMS 0x00000000a7d00000, 0x00000000a7d00000| Complete 

Card table byte_map: [0x00000168718d0000,0x0000016871bd0000] _byte_map_base: 0x00000168713c1000

Marking Bits (Prev, Next): (CMBitMap*) 0x0000016869157260, (CMBitMap*) 0x0000016869157228
 Prev Bits: [0x0000016873660000, 0x0000016874de8000)
 Next Bits: [0x0000016871ed0000, 0x0000016873658000)

Polling page: 0x00000168670a0000

Metaspace:

Usage:
  Non-class:     20.69 MB capacity,    20.21 MB ( 98%) used,   402.24 KB (  2%) free+waste,    88.00 KB ( <1%) overhead. 
      Class:      2.86 MB capacity,     2.55 MB ( 89%) used,   275.64 KB (  9%) free+waste,    44.19 KB (  2%) overhead. 
       Both:     23.56 MB capacity,    22.76 MB ( 97%) used,   677.88 KB (  3%) free+waste,   132.19 KB ( <1%) overhead. 

Virtual space:
  Non-class space:       22.00 MB reserved,      20.75 MB ( 94%) committed 
      Class space:        1.00 GB reserved,       3.00 MB ( <1%) committed 
             Both:        1.02 GB reserved,      23.75 MB (  2%) committed 

Chunk freelists:
   Non-Class:  7.25 KB
       Class:  1.63 KB
        Both:  8.88 KB

CodeHeap 'non-profiled nmethods': size=120064Kb used=841Kb max_used=841Kb free=119222Kb
 bounds [0x0000016807ac0000, 0x0000016807d30000, 0x000001680f000000]
CodeHeap 'profiled nmethods': size=120000Kb used=4465Kb max_used=4465Kb free=115535Kb
 bounds [0x0000016800590000, 0x00000168009f0000, 0x0000016807ac0000]
CodeHeap 'non-nmethods': size=5696Kb used=1143Kb max_used=1162Kb free=4552Kb
 bounds [0x0000016800000000, 0x0000016800270000, 0x0000016800590000]
 total_blobs=2601 nmethods=2124 adapters=388
 compilation: enabled
              stopped_count=0, restarted_count=0
 full_count=0

Compilation events (10 events):
Event: 9.034 Thread 0x000001687730d000 nmethod 2119 0x0000016807b91f90 code [0x0000016807b92120, 0x0000016807b92358]
Event: 9.034 Thread 0x000001687730d000 2121       4       java.lang.invoke.MethodType::makeImpl (108 bytes)
Event: 9.037 Thread 0x0000016877c88800 2122       3       com.google.common.collect.RegularImmutableMap::get (13 bytes)
Event: 9.037 Thread 0x0000016877c88800 nmethod 2122 0x00000168009eab10 code [0x00000168009eacc0, 0x00000168009eae08]
Event: 9.037 Thread 0x0000016877c88800 2123       3       com.google.common.collect.RegularImmutableMap::get (64 bytes)
Event: 9.038 Thread 0x0000016877c88800 nmethod 2123 0x00000168009eae90 code [0x00000168009eb0a0, 0x00000168009eb6e8]
Event: 9.038 Thread 0x0000016877c88800 2124       3       java.util.stream.IntPipeline$1$1::accept (23 bytes)
Event: 9.038 Thread 0x0000016877c88800 nmethod 2124 0x00000168009eb910 code [0x00000168009ebae0, 0x00000168009ebd98]
Event: 9.039 Thread 0x0000016877c88800 2125       3       java.util.regex.Pattern$$Lambda$20/0x00000001000a1040::is (13 bytes)
Event: 9.039 Thread 0x0000016877c88800 nmethod 2125 0x00000168009ebf10 code [0x00000168009ec0c0, 0x00000168009ec318]

GC Heap History (6 events):
Event: 1.571 GC heap before
{Heap before GC invocations=0 (full 0):
 garbage-first heap   total 98304K, used 13312K [0x00000000a1e00000, 0x0000000100000000)
  region size 1024K, 14 young (14336K), 0 survivors (0K)
 Metaspace       used 11438K, capacity 11883K, committed 12160K, reserved 1060864K
  class space    used 1175K, capacity 1329K, committed 1408K, reserved 1048576K
}
Event: 1.583 GC heap after
{Heap after GC invocations=1 (full 0):
 garbage-first heap   total 98304K, used 3386K [0x00000000a1e00000, 0x0000000100000000)
  region size 1024K, 2 young (2048K), 2 survivors (2048K)
 Metaspace       used 11438K, capacity 11883K, committed 12160K, reserved 1060864K
  class space    used 1175K, capacity 1329K, committed 1408K, reserved 1048576K
}
Event: 2.967 GC heap before
{Heap before GC invocations=1 (full 0):
 garbage-first heap   total 98304K, used 23866K [0x00000000a1e00000, 0x0000000100000000)
  region size 1024K, 22 young (22528K), 2 survivors (2048K)
 Metaspace       used 16859K, capacity 17394K, committed 17664K, reserved 1064960K
  class space    used 1761K, capacity 1975K, committed 2048K, reserved 1048576K
}
Event: 2.983 GC heap after
{Heap after GC invocations=2 (full 0):
 garbage-first heap   total 98304K, used 6788K [0x00000000a1e00000, 0x0000000100000000)
  region size 1024K, 3 young (3072K), 3 survivors (3072K)
 Metaspace       used 16859K, capacity 17394K, committed 17664K, reserved 1064960K
  class space    used 1761K, capacity 1975K, committed 2048K, reserved 1048576K
}
Event: 4.221 GC heap before
{Heap before GC invocations=2 (full 0):
 garbage-first heap   total 98304K, used 23172K [0x00000000a1e00000, 0x0000000100000000)
  region size 1024K, 21 young (21504K), 3 survivors (3072K)
 Metaspace       used 20591K, capacity 21183K, committed 21248K, reserved 1069056K
  class space    used 2268K, capacity 2521K, committed 2560K, reserved 1048576K
}
Event: 4.237 GC heap after
{Heap after GC invocations=3 (full 0):
 garbage-first heap   total 98304K, used 8545K [0x00000000a1e00000, 0x0000000100000000)
  region size 1024K, 2 young (2048K), 2 survivors (2048K)
 Metaspace       used 20591K, capacity 21183K, committed 21248K, reserved 1069056K
  class space    used 2268K, capacity 2521K, committed 2560K, reserved 1048576K
}

Deoptimization events (10 events):
Event: 4.356 Thread 0x0000016869120000 Uncommon trap: reason=class_check action=maybe_recompile pc=0x0000016807b50cb0 method=java.io.DataInputStream.readByte()B @ 4 c2
Event: 4.356 Thread 0x0000016869120000 Uncommon trap: reason=class_check action=maybe_recompile pc=0x0000016807b50cb0 method=java.io.DataInputStream.readByte()B @ 4 c2
Event: 4.356 Thread 0x0000016869120000 Uncommon trap: reason=class_check action=maybe_recompile pc=0x0000016807b50cb0 method=java.io.DataInputStream.readByte()B @ 4 c2
Event: 5.279 Thread 0x0000016869120000 Uncommon trap: reason=class_check action=maybe_recompile pc=0x0000016807b81478 method=org.openqa.selenium.json.Input.init()V @ 18 c2
Event: 5.279 Thread 0x0000016869120000 Uncommon trap: reason=class_check action=maybe_recompile pc=0x0000016807b81478 method=org.openqa.selenium.json.Input.init()V @ 18 c2
Event: 5.280 Thread 0x0000016869120000 Uncommon trap: reason=class_check action=maybe_recompile pc=0x0000016807b81478 method=org.openqa.selenium.json.Input.init()V @ 18 c2
Event: 5.280 Thread 0x0000016869120000 Uncommon trap: reason=class_check action=maybe_recompile pc=0x0000016807b81478 method=org.openqa.selenium.json.Input.init()V @ 18 c2
Event: 5.384 Thread 0x0000016869120000 Uncommon trap: reason=unstable_if action=reinterpret pc=0x0000016807afc524 method=java.lang.AbstractStringBuilder.putStringAt(ILjava/lang/String;)V @ 8 c2
Event: 5.384 Thread 0x0000016869120000 Uncommon trap: reason=unstable_if action=reinterpret pc=0x0000016807b6d138 method=java.lang.String.getBytes([BIB)V @ 5 c2
Event: 5.385 Thread 0x0000016869120000 Uncommon trap: reason=unstable_if action=reinterpret pc=0x0000016807af7360 method=java.lang.String.getBytes([BIB)V @ 5 c2

Classes redefined (0 events):
No events

Internal exceptions (10 events):
Event: 4.119 Thread 0x0000016869120000 Exception <a 'java/lang/NoSuchMethodError'{0x00000000a7059e38}: java.lang.invoke.DirectMethodHandle$Holder.invokeInterface(Ljava/lang/Object;Ljava/lang/Object;Ljava/lang/Object;Ljava/lang/Object;)Ljava/lang/Object;> (0x00000000a7059e38) thrown at [./open/
Event: 4.140 Thread 0x0000016869120000 Exception <a 'java/lang/NoSuchMethodError'{0x00000000a6f530f8}: java.lang.invoke.DirectMethodHandle$Holder.invokeVirtual(Ljava/lang/Object;Ljava/lang/Object;)D> (0x00000000a6f530f8) thrown at [./open/src/hotspot/share/interpreter/linkResolver.cpp, line 77
Event: 4.141 Thread 0x0000016869120000 Exception <a 'java/lang/NoSuchMethodError'{0x00000000a6f593d8}: java.lang.invoke.DirectMethodHandle$Holder.invokeVirtual(Ljava/lang/Object;Ljava/lang/Object;)F> (0x00000000a6f593d8) thrown at [./open/src/hotspot/share/interpreter/linkResolver.cpp, line 77
Event: 4.142 Thread 0x0000016869120000 Exception <a 'java/lang/NoSuchMethodError'{0x00000000a6f61e60}: java.lang.invoke.DirectMethodHandle$Holder.invokeVirtual(Ljava/lang/Object;Ljava/lang/Object;)J> (0x00000000a6f61e60) thrown at [./open/src/hotspot/share/interpreter/linkResolver.cpp, line 77
Event: 4.270 Thread 0x0000016869120000 Exception <a 'java/lang/NoSuchMethodError'{0x00000000a7da5020}: java.lang.invoke.DirectMethodHandle$Holder.invokeStatic(Ljava/lang/Object;Ljava/lang/Object;Ljava/lang/Object;Ljava/lang/Object;Ljava/lang/Object;Ljava/lang/Object;)V> (0x00000000a7da5020) th
Event: 5.298 Thread 0x0000016869120000 Exception <a 'java/lang/NoSuchMethodError'{0x00000000a77312e0}: java.lang.invoke.DirectMethodHandle$Holder.invokeSpecialIFC(Ljava/lang/Object;Ljava/lang/Object;Ljava/lang/Object;)Ljava/lang/Object;> (0x00000000a77312e0) thrown at [./open/src/hotspot/share
Event: 5.380 Thread 0x0000016869120000 Exception <a 'java/lang/ClassNotFoundException'{0x00000000a7645e08}: sun/util/logging/resources/spi/loggingProvider> (0x00000000a7645e08) thrown at [./open/src/hotspot/share/classfile/systemDictionary.cpp, line 228]
Event: 5.464 Thread 0x0000016869120000 Exception <a 'java/net/SocketTimeoutException'{0x00000000a7500868}: Read timed out> (0x00000000a7500868) thrown at [./open/src/hotspot/share/prims/jni.cpp, line 632]
Event: 8.890 Thread 0x0000016869120000 Exception <a 'java/net/SocketTimeoutException'{0x00000000a752d8e8}: Read timed out> (0x00000000a752d8e8) thrown at [./open/src/hotspot/share/prims/jni.cpp, line 632]
Event: 9.046 Thread 0x0000016869120000 Exception <a 'java/net/SocketTimeoutException'{0x00000000a75a6508}: Read timed out> (0x00000000a75a6508) thrown at [./open/src/hotspot/share/prims/jni.cpp, line 632]

Events (10 events):
Event: 9.033 loading class org/openqa/selenium/By$ByTagName
Event: 9.033 loading class org/openqa/selenium/By$ByTagName done
Event: 9.033 loading class org/openqa/selenium/support/ui/ExpectedConditions
Event: 9.033 loading class org/openqa/selenium/support/ui/ExpectedConditions done
Event: 9.034 loading class org/openqa/selenium/support/ui/ExpectedCondition
Event: 9.034 loading class org/openqa/selenium/support/ui/ExpectedCondition done
Event: 9.035 loading class org/openqa/selenium/support/ui/ExpectedConditions$6
Event: 9.035 loading class org/openqa/selenium/support/ui/ExpectedConditions$6 done
Event: 9.036 loading class java/time/Instant$1
Event: 9.036 loading class java/time/Instant$1 done


Dynamic libraries:
0x00007ff72a600000 - 0x00007ff72a60f000 	C:\Program Files\Java\jdk-11.0.11\bin\java.exe
0x00007ffe3c2b0000 - 0x00007ffe3c4a5000 	C:\Windows\SYSTEM32\ntdll.dll
0x00007ffe3a420000 - 0x00007ffe3a4de000 	C:\Windows\System32\KERNEL32.DLL
0x00007ffe39d50000 - 0x00007ffe3a018000 	C:\Windows\System32\KERNELBASE.dll
0x00007ffe3a200000 - 0x00007ffe3a300000 	C:\Windows\System32\ucrtbase.dll
0x00007ffe331a0000 - 0x00007ffe331b8000 	C:\Program Files\Java\jdk-11.0.11\bin\jli.dll
0x00007ffe3ba20000 - 0x00007ffe3bacc000 	C:\Windows\System32\ADVAPI32.dll
0x00007ffe3c1a0000 - 0x00007ffe3c23e000 	C:\Windows\System32\msvcrt.dll
0x00007ffe3b040000 - 0x00007ffe3b0db000 	C:\Windows\System32\sechost.dll
0x00007ffe3a550000 - 0x00007ffe3a67a000 	C:\Windows\System32\RPCRT4.dll
0x00007ffe3bdb0000 - 0x00007ffe3bf51000 	C:\Windows\System32\USER32.dll
0x00007ffe39c40000 - 0x00007ffe39c62000 	C:\Windows\System32\win32u.dll
0x00007ffe3c240000 - 0x00007ffe3c26b000 	C:\Windows\System32\GDI32.dll
0x00007ffe39b30000 - 0x00007ffe39c3b000 	C:\Windows\System32\gdi32full.dll
0x00007ffe3a160000 - 0x00007ffe3a1fd000 	C:\Windows\System32\msvcp_win.dll
0x00007ffe330e0000 - 0x00007ffe330f5000 	C:\Program Files\Java\jdk-11.0.11\bin\VCRUNTIME140.dll
0x00007ffe29e60000 - 0x00007ffe2a0fa000 	C:\Windows\WinSxS\amd64_microsoft.windows.common-controls_6595b64144ccf1df_6.0.19041.1110_none_60b5254171f9507e\COMCTL32.dll
0x00007ffe33400000 - 0x00007ffe3340a000 	C:\Windows\SYSTEM32\VERSION.dll
0x00007ffe3c170000 - 0x00007ffe3c1a0000 	C:\Windows\System32\IMM32.DLL
0x00007ffe1e840000 - 0x00007ffe1e8db000 	C:\Program Files\Java\jdk-11.0.11\bin\msvcp140.dll
0x00007ffe011e0000 - 0x00007ffe01cde000 	C:\Program Files\Java\jdk-11.0.11\bin\server\jvm.dll
0x00007ffe3b030000 - 0x00007ffe3b038000 	C:\Windows\System32\PSAPI.DLL
0x00007ffe291c0000 - 0x00007ffe291c9000 	C:\Windows\SYSTEM32\WSOCK32.dll
0x00007ffe3b900000 - 0x00007ffe3b96b000 	C:\Windows\System32\WS2_32.dll
0x00007ffe2bb30000 - 0x00007ffe2bb57000 	C:\Windows\SYSTEM32\WINMM.dll
0x00007ffe378d0000 - 0x00007ffe378e2000 	C:\Windows\SYSTEM32\kernel.appcore.dll
0x00007ffe347a0000 - 0x00007ffe347b0000 	C:\Program Files\Java\jdk-11.0.11\bin\verify.dll
0x00007ffe300b0000 - 0x00007ffe30294000 	C:\Windows\SYSTEM32\DBGHELP.DLL
0x00007ffe2fe60000 - 0x00007ffe2fe8c000 	C:\Windows\SYSTEM32\dbgcore.DLL
0x00007ffe3a070000 - 0x00007ffe3a0f3000 	C:\Windows\System32\bcryptPrimitives.dll
0x00007ffe304b0000 - 0x00007ffe304d8000 	C:\Program Files\Java\jdk-11.0.11\bin\java.dll
0x00007ffe33080000 - 0x00007ffe3308a000 	C:\Program Files\Java\jdk-11.0.11\bin\jimage.dll
0x00007ffe33070000 - 0x00007ffe3307e000 	C:\Program Files\Java\jdk-11.0.11\bin\instrument.dll
0x00007ffe2a410000 - 0x00007ffe2a426000 	C:\Program Files\Java\jdk-11.0.11\bin\zip.dll
0x00007ffe3b1c0000 - 0x00007ffe3b8ff000 	C:\Windows\System32\SHELL32.dll
0x00007ffe37ad0000 - 0x00007ffe38260000 	C:\Windows\SYSTEM32\windows.storage.dll
0x00007ffe3a760000 - 0x00007ffe3aab5000 	C:\Windows\System32\combase.dll
0x00007ffe39420000 - 0x00007ffe3944e000 	C:\Windows\SYSTEM32\Wldp.dll
0x00007ffe3b970000 - 0x00007ffe3ba1d000 	C:\Windows\System32\SHCORE.dll
0x00007ffe3ab50000 - 0x00007ffe3aba5000 	C:\Windows\System32\shlwapi.dll
0x00007ffe39910000 - 0x00007ffe3992f000 	C:\Windows\SYSTEM32\profapi.dll
0x00007ffe29200000 - 0x00007ffe29219000 	C:\Program Files\Java\jdk-11.0.11\bin\net.dll
0x00007ffe2a430000 - 0x00007ffe2a53c000 	C:\Windows\SYSTEM32\WINHTTP.dll
0x00007ffe39110000 - 0x00007ffe3917a000 	C:\Windows\system32\mswsock.dll
0x00007ffe291e0000 - 0x00007ffe291f2000 	C:\Program Files\Java\jdk-11.0.11\bin\nio.dll
0x00007ffe261d0000 - 0x00007ffe261ea000 	C:\Program Files\JetBrains\IntelliJ IDEA Community Edition 2021.3.2\bin\breakgen64.dll
0x00007ffe292a0000 - 0x00007ffe292ad000 	C:\Program Files\Java\jdk-11.0.11\bin\sunmscapi.dll
0x00007ffe399d0000 - 0x00007ffe39b26000 	C:\Windows\System32\CRYPT32.dll
0x00007ffe39490000 - 0x00007ffe394b7000 	C:\Windows\SYSTEM32\ncrypt.dll
0x00007ffe39450000 - 0x00007ffe3948b000 	C:\Windows\SYSTEM32\NTASN1.dll
0x00007ffe229e0000 - 0x00007ffe22a05000 	C:\Program Files\Java\jdk-11.0.11\bin\sunec.dll
0x00007ffe39370000 - 0x00007ffe39388000 	C:\Windows\SYSTEM32\CRYPTSP.dll
0x00007ffe38a30000 - 0x00007ffe38a64000 	C:\Windows\system32\rsaenh.dll
0x00007ffe39c70000 - 0x00007ffe39c97000 	C:\Windows\System32\bcrypt.dll
0x00007ffe398d0000 - 0x00007ffe398fe000 	C:\Windows\SYSTEM32\USERENV.dll
0x00007ffe39390000 - 0x00007ffe3939c000 	C:\Windows\SYSTEM32\CRYPTBASE.dll
0x00007ffe38e00000 - 0x00007ffe38e3b000 	C:\Windows\SYSTEM32\IPHLPAPI.DLL
0x00007ffe3a6a0000 - 0x00007ffe3a6a8000 	C:\Windows\System32\NSI.dll
0x00007ffe306d0000 - 0x00007ffe306e7000 	C:\Windows\SYSTEM32\dhcpcsvc6.DLL
0x00007ffe31b80000 - 0x00007ffe31b9d000 	C:\Windows\SYSTEM32\dhcpcsvc.DLL
0x00007ffe38e40000 - 0x00007ffe38f0b000 	C:\Windows\SYSTEM32\DNSAPI.dll
0x00007ffe2a3e0000 - 0x00007ffe2a3ea000 	C:\Windows\System32\rasadhlp.dll
0x00007ffe2a810000 - 0x00007ffe2a88f000 	C:\Windows\System32\fwpuclnt.dll

dbghelp: loaded successfully - version: 4.0.5 - missing functions: none
symbol engine: initialized successfully - sym options: 0x614 - pdb path: .;C:\Program Files\Java\jdk-11.0.11\bin;C:\Windows\SYSTEM32;C:\Windows\WinSxS\amd64_microsoft.windows.common-controls_6595b64144ccf1df_6.0.19041.1110_none_60b5254171f9507e;C:\Program Files\Java\jdk-11.0.11\bin\server;C:\Program Files\JetBrains\IntelliJ IDEA Community Edition 2021.3.2\bin

VM Arguments:
jvm_args: -ea -Dbrowser=chrome -Didea.test.cyclic.buffer.size=1048576 -javaagent:C:\Program Files\JetBrains\IntelliJ IDEA Community Edition 2021.3.2\lib\idea_rt.jar=54653:C:\Program Files\JetBrains\IntelliJ IDEA Community Edition 2021.3.2\bin -Dfile.encoding=UTF-8 
java_command: com.intellij.rt.junit.JUnitStarter -ideVersion5 -junit5 HerokuTests,authenticationTest
java_class_path (initial): C:\Users\Admin\.m2\repository\org\junit\platform\junit-platform-launcher\1.7.1\junit-platform-launcher-1.7.1.jar;C:\Users\Admin\.m2\repository\org\junit\platform\junit-platform-engine\1.7.1\junit-platform-engine-1.7.1.jar;C:\Users\Admin\.m2\repository\org\junit\jupiter\junit-jupiter-engine\5.7.1\junit-jupiter-engine-5.7.1.jar;C:\Program Files\JetBrains\IntelliJ IDEA Community Edition 2021.3.2\lib\idea_rt.jar;C:\Program Files\JetBrains\IntelliJ IDEA Community Edition 2021.3.2\plugins\junit\lib\junit5-rt.jar;C:\Program Files\JetBrains\IntelliJ IDEA Community Edition 2021.3.2\plugins\junit\lib\junit-rt.jar;C:\Users\Admin\IdeaProjects\Selenium\target\test-classes;C:\Users\Admin\.m2\repository\org\seleniumhq\selenium\selenium-java\3.141.59\selenium-java-3.141.59.jar;C:\Users\Admin\.m2\repository\org\seleniumhq\selenium\selenium-api\3.141.59\selenium-api-3.141.59.jar;C:\Users\Admin\.m2\repository\org\seleniumhq\selenium\selenium-chrome-driver\3.141.59\selenium-chrome-driver-3.141.59.jar;C:\Users\Admin\.m2\repository\org\seleniumhq\selenium\selenium-edge-driver\3.141.59\selenium-edge-driver-3.141.59.jar;C:\Users\Admin\.m2\repository\org\seleniumhq\selenium\selenium-firefox-driver\3.141.59\selenium-firefox-driver-3.141.59.jar;C:\Users\Admin\.m2\repository\org\seleniumhq\selenium\selenium-ie-driver\3.141.59\selenium-ie-driver-3.141.59.jar;C:\Users\Admin\.m2\repository\org\seleniumhq\selenium\selenium-opera-driver\3.141.59\selenium-opera-driver-3.141.59.jar;C:\Users\Admin\.m2\repository\org\seleniumhq\selenium\selenium-remote-driver\3.141.59\selenium-remote-driver-3.141.59.jar;C:\Users\Admin\.m2\repository\org\seleniumhq\selenium\selenium-safari-driver\3.141.59\selenium-safari-driver-3.141.59.jar;C:\Users\Admin\.m2\repository\org\seleniumhq\selenium\selenium-support\3.141.59\selenium-support-3.141.59.jar;C:\Users\Admin\.m2\repository\net\bytebuddy\byte-buddy\1.8.15\byte-buddy-1.8.15.jar;C:\Users\Admin\.m2\repository\org\apache\commons\commons-exec
Launcher Type: SUN_STANDARD

[Global flags]
     intx CICompilerCount                          = 3                                         {product} {ergonomic}
     uint ConcGCThreads                            = 1                                         {product} {ergonomic}
     uint G1ConcRefinementThreads                  = 4                                         {product} {ergonomic}
   size_t G1HeapRegionSize                         = 1048576                                   {product} {ergonomic}
    uintx GCDrainStackTargetSize                   = 64                                        {product} {ergonomic}
   size_t InitialHeapSize                          = 100663296                                 {product} {ergonomic}
   size_t MarkStackSize                            = 4194304                                   {product} {ergonomic}
   size_t MaxHeapSize                              = 1579155456                                {product} {ergonomic}
   size_t MaxNewSize                               = 946864128                                 {product} {ergonomic}
   size_t MinHeapDeltaBytes                        = 1048576                                   {product} {ergonomic}
    uintx NonNMethodCodeHeapSize                   = 5830732                                {pd product} {ergonomic}
    uintx NonProfiledCodeHeapSize                  = 122913754                              {pd product} {ergonomic}
    uintx ProfiledCodeHeapSize                     = 122913754                              {pd product} {ergonomic}
    uintx ReservedCodeCacheSize                    = 251658240                              {pd product} {ergonomic}
     bool SegmentedCodeCache                       = true                                      {product} {ergonomic}
     bool UseCompressedClassPointers               = true                                 {lp64_product} {ergonomic}
     bool UseCompressedOops                        = true                                 {lp64_product} {ergonomic}
     bool UseG1GC                                  = true                                      {product} {ergonomic}
     bool UseLargePagesIndividualAllocation        = false                                  {pd product} {ergonomic}

Logging:
Log output configuration:
 #0: stdout all=warning uptime,level,tags
 #1: stderr all=off uptime,level,tags

Environment Variables:
JAVA_HOME=C:\Program Files\Java\jdk-11.0.11
PATH=C:\Program Files\Common Files\Oracle\Java\javapath;C:\Windows\system32;C:\Windows;C:\Windows\System32\Wbem;C:\Windows\System32\WindowsPowerShell\v1.0\;C:\Program Files (x86)\NVIDIA Corporation\PhysX\Common;C:\Program Files\Git\cmd;%GRADLE_HOME%\bin;%JAVA_HOME%\bin;C:\Users\Admin\AppData\Local\Microsoft\WindowsApps
USERNAME=Admin
OS=Windows_NT
PROCESSOR_IDENTIFIER=Intel64 Family 6 Model 58 Stepping 9, GenuineIntel



---------------  S Y S T E M  ---------------

OS: Windows 10 , 64 bit Build 19041 (10.0.19041.1348)

CPU:total 4 (initial active 4) (2 cores per cpu, 2 threads per core) family 6 model 58 stepping 9 microcode 0x21, cmov, cx8, fxsr, mmx, sse, sse2, sse3, ssse3, sse4.1, sse4.2, popcnt, avx, aes, clmul, erms, ht, tsc, tscinvbit, tscinv

Memory: 4k page, system-wide physical 6023M (950M free)
TotalPageFile size 6023M (AvailPageFile size 60M)
current process WorkingSet (physical memory assigned to process): 101M, peak: 108M
current process commit charge ("private bytes"): 198M, peak: 203M

vm_info: Java HotSpot(TM) 64-Bit Server VM (11.0.11+9-LTS-194) for windows-amd64 JRE (11.0.11+9-LTS-194), built on Mar 18 2021 18:46:53 by "mach5one" with MS VC++ 15.9 (VS2017)

END.
