#
# There is insufficient memory for the Java Runtime Environment to continue.
# Native memory allocation (malloc) failed to allocate 58224 bytes for Chunk::new
# Possible reasons:
#   The system is out of physical RAM or swap space
#   The process is running with CompressedOops enabled, and the Java Heap may be blocking the growth of the native heap
# Possible solutions:
#   Reduce memory load on the system
#   Increase physical memory or swap space
#   Check if swap backing store is full
#   Decrease Java heap size (-Xmx/-Xms)
#   Decrease number of Java threads
#   Decrease Java thread stack sizes (-Xss)
#   Set larger code cache with -XX:ReservedCodeCacheSize=
#   JVM is running with Unscaled Compressed Oops mode in which the Java heap is
#     placed in the first 4GB address space. The Java Heap base address is the
#     maximum limit for the native heap growth. Please use -XX:HeapBaseMinAddress
#     to set the Java Heap base and to place the Java Heap above 4GB virtual address.
# This output file may be truncated or incomplete.
#
#  Out of Memory Error (./open/src/hotspot/share/memory/arena.cpp:197), pid=2504, tid=8812
#
# JRE version:  (11.0.11+9) (build )
# Java VM: Java HotSpot(TM) 64-Bit Server VM (11.0.11+9-LTS-194, mixed mode, tiered, compressed oops, g1 gc, windows-amd64)
# No core dump will be written. Minidumps are not enabled by default on client versions of Windows
#

---------------  S U M M A R Y ------------

Command Line: -ea -Dbrowser=chrome -Didea.test.cyclic.buffer.size=1048576 -javaagent:C:\Program Files\JetBrains\IntelliJ IDEA Community Edition 2021.3.2\lib\idea_rt.jar=60562:C:\Program Files\JetBrains\IntelliJ IDEA Community Edition 2021.3.2\bin -Dfile.encoding=UTF-8 com.intellij.rt.junit.JUnitStarter -ideVersion5 -junit5 HerokuTests,authenticationTest

Host: Intel(R) Core(TM) i5-3230M CPU @ 2.60GHz, 4 cores, 5G,  Windows 10 , 64 bit Build 19041 (10.0.19041.1348)
Time: Tue Mar 22 14:55:10 2022 Новосибирское стандартное время elapsed time: 0.108353 seconds (0d 0h 0m 0s)

---------------  T H R E A D  ---------------

Current thread (0x0000019c5c5e0800):  JavaThread "Unknown thread" [_thread_in_vm, id=8812, stack(0x0000004f86200000,0x0000004f86300000)]

Stack: [0x0000004f86200000,0x0000004f86300000]
Native frames: (J=compiled Java code, j=interpreted, Vv=VM code, C=native code)
V  [jvm.dll+0x616f2a]
V  [jvm.dll+0x74de7f]
V  [jvm.dll+0x74f505]
V  [jvm.dll+0x74fb83]
V  [jvm.dll+0x2436d8]
V  [jvm.dll+0xba68c]
V  [jvm.dll+0xbad8c]
V  [jvm.dll+0x1c988d]
V  [jvm.dll+0x1c8913]
V  [jvm.dll+0x6ea32e]
V  [jvm.dll+0x6eb701]
V  [jvm.dll+0x6e95f9]
V  [jvm.dll+0x6e9471]
V  [jvm.dll+0x72954a]
V  [jvm.dll+0x72b208]
V  [jvm.dll+0x34bd70]
V  [jvm.dll+0x70f360]
V  [jvm.dll+0x3b50df]
V  [jvm.dll+0x3b71e1]
C  [jli.dll+0x520b]
C  [ucrtbase.dll+0x21bb2]
C  [KERNEL32.DLL+0x17034]
C  [ntdll.dll+0x52651]


---------------  P R O C E S S  ---------------

Threads class SMR info:
_java_thread_list=0x0000019c5c4d55e0, length=0, elements={
}

Java Threads: ( => current thread )

Other Threads:
  0x0000019c5c5f8800 GCTaskThread "GC Thread#0" [stack: 0x0000004f86300000,0x0000004f86400000] [id=5344]
  0x0000019c5c61d000 ConcurrentGCThread "G1 Main Marker" [stack: 0x0000004f86400000,0x0000004f86500000] [id=8940]
  0x0000019c5c620800 ConcurrentGCThread "G1 Conc#0" [stack: 0x0000004f86500000,0x0000004f86600000] [id=7912]
  0x0000019c5c690000 ConcurrentGCThread "G1 Refine#0" [stack: 0x0000004f86600000,0x0000004f86700000] [id=3144]
  0x0000019c5c692800 ConcurrentGCThread "G1 Young RemSet Sampling" [stack: 0x0000004f86700000,0x0000004f86800000] [id=6036]

=>0x0000019c5c5e0800 (exited) JavaThread "Unknown thread" [_thread_in_vm, id=8812, stack(0x0000004f86200000,0x0000004f86300000)]

Threads with active compile tasks:

VM state:not at safepoint (not fully initialized)

VM Mutex/Monitor currently owned by a thread: None

Heap address: 0x00000000a1e00000, size: 1506 MB, Compressed Oops mode: 32-bit
Narrow klass base: 0x0000000000000000, Narrow klass shift: 3
Compressed class space size: 1073741824 Address: 0x0000000100000000

GC Heap History (0 events):
No events

Deoptimization events (0 events):
No events

Classes redefined (0 events):
No events

Internal exceptions (0 events):
No events

Events (10 events):
Event: 0.071 loading class java/lang/AssertionStatusDirectives done
Event: 0.071 loading class java/lang/StringBuffer
Event: 0.072 loading class java/lang/AbstractStringBuilder
Event: 0.072 loading class java/lang/Appendable
Event: 0.072 loading class java/lang/Appendable done
Event: 0.072 loading class java/lang/AbstractStringBuilder done
Event: 0.072 loading class java/lang/StringBuffer done
Event: 0.072 loading class java/lang/StringBuilder
Event: 0.073 loading class java/lang/StringBuilder done
Event: 0.073 loading class jdk/internal/misc/Unsafe


Dynamic libraries:
0x00007ff690e80000 - 0x00007ff690e8f000 	C:\Program Files\Java\jdk-11.0.11\bin\java.exe
0x00007ffdc9390000 - 0x00007ffdc9585000 	C:\Windows\SYSTEM32\ntdll.dll
0x00007ffdac480000 - 0x00007ffdac496000 	C:\Program Files\Avast Software\Avast\aswhook.dll
0x00007ffdc8e10000 - 0x00007ffdc8ece000 	C:\Windows\System32\KERNEL32.DLL
0x00007ffdc6d00000 - 0x00007ffdc6fc8000 	C:\Windows\System32\KERNELBASE.dll
0x00007ffdc72e0000 - 0x00007ffdc73e0000 	C:\Windows\System32\ucrtbase.dll
0x00007ffdbfc00000 - 0x00007ffdbfc18000 	C:\Program Files\Java\jdk-11.0.11\bin\jli.dll
0x00007ffdc8830000 - 0x00007ffdc88dc000 	C:\Windows\System32\ADVAPI32.dll
0x00007ffdc8790000 - 0x00007ffdc882e000 	C:\Windows\System32\msvcrt.dll
0x00007ffdc8490000 - 0x00007ffdc852b000 	C:\Windows\System32\sechost.dll
0x00007ffdc8300000 - 0x00007ffdc842a000 	C:\Windows\System32\RPCRT4.dll
0x00007ffdc8a00000 - 0x00007ffdc8ba1000 	C:\Windows\System32\USER32.dll
0x00007ffdc7000000 - 0x00007ffdc7022000 	C:\Windows\System32\win32u.dll
0x00007ffdc7f10000 - 0x00007ffdc7f3b000 	C:\Windows\System32\GDI32.dll
0x00007ffdc6b90000 - 0x00007ffdc6c9b000 	C:\Windows\System32\gdi32full.dll
0x00007ffdc7240000 - 0x00007ffdc72dd000 	C:\Windows\System32\msvcp_win.dll
0x00007ffdc2780000 - 0x00007ffdc2795000 	C:\Program Files\Java\jdk-11.0.11\bin\VCRUNTIME140.dll
0x00007ffdb7330000 - 0x00007ffdb75ca000 	C:\Windows\WinSxS\amd64_microsoft.windows.common-controls_6595b64144ccf1df_6.0.19041.1110_none_60b5254171f9507e\COMCTL32.dll
0x00007ffdbf060000 - 0x00007ffdbf06a000 	C:\Windows\SYSTEM32\VERSION.dll
0x00007ffdc8970000 - 0x00007ffdc89a0000 	C:\Windows\System32\IMM32.DLL
0x00007ffdb6360000 - 0x00007ffdb63fb000 	C:\Program Files\Java\jdk-11.0.11\bin\msvcp140.dll
0x00007ffd8be70000 - 0x00007ffd8c96e000 	C:\Program Files\Java\jdk-11.0.11\bin\server\jvm.dll
0x00007ffdc7680000 - 0x00007ffdc7688000 	C:\Windows\System32\PSAPI.DLL
0x00007ffdb65d0000 - 0x00007ffdb65d9000 	C:\Windows\SYSTEM32\WSOCK32.dll
0x00007ffdc8c80000 - 0x00007ffdc8ceb000 	C:\Windows\System32\WS2_32.dll
0x00007ffdb8ba0000 - 0x00007ffdb8bc7000 	C:\Windows\SYSTEM32\WINMM.dll
0x00007ffdc49b0000 - 0x00007ffdc49c2000 	C:\Windows\SYSTEM32\kernel.appcore.dll
0x00007ffdc1b90000 - 0x00007ffdc1ba0000 	C:\Program Files\Java\jdk-11.0.11\bin\verify.dll
0x00007ffdbb990000 - 0x00007ffdbbb74000 	C:\Windows\SYSTEM32\DBGHELP.DLL
0x00007ffdbb700000 - 0x00007ffdbb72c000 	C:\Windows\SYSTEM32\dbgcore.DLL
0x00007ffdc6ab0000 - 0x00007ffdc6b33000 	C:\Windows\System32\bcryptPrimitives.dll
0x00007ffdbf0b0000 - 0x00007ffdbf0d8000 	C:\Program Files\Java\jdk-11.0.11\bin\java.dll
0x00007ffdbf0a0000 - 0x00007ffdbf0aa000 	C:\Program Files\Java\jdk-11.0.11\bin\jimage.dll
0x00007ffdbd120000 - 0x00007ffdbd12e000 	C:\Program Files\Java\jdk-11.0.11\bin\instrument.dll
0x00007ffdbf080000 - 0x00007ffdbf096000 	C:\Program Files\Java\jdk-11.0.11\bin\zip.dll

dbghelp: loaded successfully - version: 4.0.5 - missing functions: none
symbol engine: initialized successfully - sym options: 0x614 - pdb path: .;C:\Program Files\Java\jdk-11.0.11\bin;C:\Windows\SYSTEM32;C:\Program Files\Avast Software\Avast;C:\Windows\WinSxS\amd64_microsoft.windows.common-controls_6595b64144ccf1df_6.0.19041.1110_none_60b5254171f9507e;C:\Program Files\Java\jdk-11.0.11\bin\server

VM Arguments:
jvm_args: -ea -Dbrowser=chrome -Didea.test.cyclic.buffer.size=1048576 -javaagent:C:\Program Files\JetBrains\IntelliJ IDEA Community Edition 2021.3.2\lib\idea_rt.jar=60562:C:\Program Files\JetBrains\IntelliJ IDEA Community Edition 2021.3.2\bin -Dfile.encoding=UTF-8 
java_command: com.intellij.rt.junit.JUnitStarter -ideVersion5 -junit5 HerokuTests,authenticationTest
java_class_path (initial): C:\Users\Admin\.m2\repository\org\junit\platform\junit-platform-launcher\1.7.1\junit-platform-launcher-1.7.1.jar;C:\Users\Admin\.m2\repository\org\junit\platform\junit-platform-engine\1.7.1\junit-platform-engine-1.7.1.jar;C:\Users\Admin\.m2\repository\org\junit\jupiter\junit-jupiter-engine\5.7.1\junit-jupiter-engine-5.7.1.jar;C:\Program Files\JetBrains\IntelliJ IDEA Community Edition 2021.3.2\lib\idea_rt.jar;C:\Program Files\JetBrains\IntelliJ IDEA Community Edition 2021.3.2\plugins\junit\lib\junit5-rt.jar;C:\Program Files\JetBrains\IntelliJ IDEA Community Edition 2021.3.2\plugins\junit\lib\junit-rt.jar;C:\Users\Admin\IdeaProjects\Selenium\target\test-classes;C:\Users\Admin\.m2\repository\org\seleniumhq\selenium\selenium-java\3.141.59\selenium-java-3.141.59.jar;C:\Users\Admin\.m2\repository\org\seleniumhq\selenium\selenium-api\3.141.59\selenium-api-3.141.59.jar;C:\Users\Admin\.m2\repository\org\seleniumhq\selenium\selenium-chrome-driver\3.141.59\selenium-chrome-driver-3.141.59.jar;C:\Users\Admin\.m2\repository\org\seleniumhq\selenium\selenium-edge-driver\3.141.59\selenium-edge-driver-3.141.59.jar;C:\Users\Admin\.m2\repository\org\seleniumhq\selenium\selenium-firefox-driver\3.141.59\selenium-firefox-driver-3.141.59.jar;C:\Users\Admin\.m2\repository\org\seleniumhq\selenium\selenium-ie-driver\3.141.59\selenium-ie-driver-3.141.59.jar;C:\Users\Admin\.m2\repository\org\seleniumhq\selenium\selenium-opera-driver\3.141.59\selenium-opera-driver-3.141.59.jar;C:\Users\Admin\.m2\repository\org\seleniumhq\selenium\selenium-remote-driver\3.141.59\selenium-remote-driver-3.141.59.jar;C:\Users\Admin\.m2\repository\org\seleniumhq\selenium\selenium-safari-driver\3.141.59\selenium-safari-driver-3.141.59.jar;C:\Users\Admin\.m2\repository\org\seleniumhq\selenium\selenium-support\3.141.59\selenium-support-3.141.59.jar;C:\Users\Admin\.m2\repository\net\bytebuddy\byte-buddy\1.8.15\byte-buddy-1.8.15.jar;C:\Users\Admin\.m2\repository\org\apache\commons\commons-exec
Launcher Type: SUN_STANDARD

[Global flags]
     intx CICompilerCount                          = 3                                         {product} {ergonomic}
     uint ConcGCThreads                            = 1                                         {product} {ergonomic}
     uint G1ConcRefinementThreads                  = 4                                         {product} {ergonomic}
   size_t G1HeapRegionSize                         = 1048576                                   {product} {ergonomic}
    uintx GCDrainStackTargetSize                   = 64                                        {product} {ergonomic}
   size_t InitialHeapSize                          = 100663296                                 {product} {ergonomic}
   size_t MarkStackSize                            = 4194304                                   {product} {ergonomic}
   size_t MaxHeapSize                              = 1579155456                                {product} {ergonomic}
   size_t MaxNewSize                               = 946864128                                 {product} {ergonomic}
   size_t MinHeapDeltaBytes                        = 1048576                                   {product} {ergonomic}
    uintx NonNMethodCodeHeapSize                   = 5830732                                {pd product} {ergonomic}
    uintx NonProfiledCodeHeapSize                  = 122913754                              {pd product} {ergonomic}
    uintx ProfiledCodeHeapSize                     = 122913754                              {pd product} {ergonomic}
    uintx ReservedCodeCacheSize                    = 251658240                              {pd product} {ergonomic}
     bool SegmentedCodeCache                       = true                                      {product} {ergonomic}
     bool UseCompressedClassPointers               = true                                 {lp64_product} {ergonomic}
     bool UseCompressedOops                        = true                                 {lp64_product} {ergonomic}
     bool UseG1GC                                  = true                                      {product} {ergonomic}
     bool UseLargePagesIndividualAllocation        = false                                  {pd product} {ergonomic}

Logging:
Log output configuration:
 #0: stdout all=warning uptime,level,tags
 #1: stderr all=off uptime,level,tags

Environment Variables:
JAVA_HOME=C:\Program Files\Java\jdk-11.0.11
PATH=C:\Program Files\Common Files\Oracle\Java\javapath;C:\Windows\system32;C:\Windows;C:\Windows\System32\Wbem;C:\Windows\System32\WindowsPowerShell\v1.0\;C:\Program Files (x86)\NVIDIA Corporation\PhysX\Common;C:\Program Files\Git\cmd;%GRADLE_HOME%\bin;%JAVA_HOME%\bin;C:\Users\Admin\AppData\Local\Microsoft\WindowsApps
USERNAME=Admin
OS=Windows_NT
PROCESSOR_IDENTIFIER=Intel64 Family 6 Model 58 Stepping 9, GenuineIntel



---------------  S Y S T E M  ---------------

OS: Windows 10 , 64 bit Build 19041 (10.0.19041.1348)

CPU:total 4 (initial active 4) (2 cores per cpu, 2 threads per core) family 6 model 58 stepping 9 microcode 0x21, cmov, cx8, fxsr, mmx, sse, sse2, sse3, ssse3, sse4.1, sse4.2, popcnt, avx, aes, clmul, erms, ht, tsc, tscinvbit, tscinv

Memory: 4k page, system-wide physical 6023M (986M free)
TotalPageFile size 6023M (AvailPageFile size 5M)
current process WorkingSet (physical memory assigned to process): 18M, peak: 18M
current process commit charge ("private bytes"): 154M, peak: 157M

vm_info: Java HotSpot(TM) 64-Bit Server VM (11.0.11+9-LTS-194) for windows-amd64 JRE (11.0.11+9-LTS-194), built on Mar 18 2021 18:46:53 by "mach5one" with MS VC++ 15.9 (VS2017)

END.
